1.0.0.0.0.0.0.0.0.0.0.0.0.0.0.0.0.0.0.0.0.0.0.0.0.0.0.0.0.0.0.0.ip6.arpa
*** Reading local file: /Users/rahulchalla/airflow/logs/second_dag/start/2023-05-04T20:22:18.859048+00:00/1.log
[2023-05-04 16:22:20,160] {taskinstance.py:1032} INFO - Dependencies all met for <TaskInstance: second_dag.start manual__2023-05-04T20:22:18.859048+00:00 [queued]>
[2023-05-04 16:22:20,168] {taskinstance.py:1032} INFO - Dependencies all met for <TaskInstance: second_dag.start manual__2023-05-04T20:22:18.859048+00:00 [queued]>
[2023-05-04 16:22:20,168] {taskinstance.py:1238} INFO - 
--------------------------------------------------------------------------------
[2023-05-04 16:22:20,169] {taskinstance.py:1239} INFO - Starting attempt 1 of 2
[2023-05-04 16:22:20,169] {taskinstance.py:1240} INFO - 
--------------------------------------------------------------------------------
[2023-05-04 16:22:20,178] {taskinstance.py:1259} INFO - Executing <Task(BashOperator): start> on 2023-05-04 20:22:18.859048+00:00
[2023-05-04 16:22:20,182] {standard_task_runner.py:52} INFO - Started process 11669 to run task
[2023-05-04 16:22:20,187] {standard_task_runner.py:76} INFO - Running: ['***', 'tasks', 'run', 'second_dag', 'start', 'manual__2023-05-04T20:22:18.859048+00:00', '--job-id', '51', '--raw', '--subdir', 'DAGS_FOLDER/second_dag.py', '--cfg-path', '/var/folders/rp/vf98jkc14mq7zj6z773nwdy80000gn/T/tmpusrziawr', '--error-file', '/var/folders/rp/vf98jkc14mq7zj6z773nwdy80000gn/T/tmpjj0oh5_v']
[2023-05-04 16:22:20,188] {standard_task_runner.py:77} INFO - Job 51: Subtask start
[2023-05-04 16:22:20,243] {logging_mixin.py:109} INFO - Running <TaskInstance: second_dag.start manual__2023-05-04T20:22:18.859048+00:00 [running]> on host 1.0.0.0.0.0.0.0.0.0.0.0.0.0.0.0.0.0.0.0.0.0.0.0.0.0.0.0.0.0.0.0.ip6.arpa
[2023-05-04 16:22:20,301] {taskinstance.py:1424} INFO - Exporting the following env vars:
AIRFLOW_CTX_DAG_EMAIL=rahulchalla30@gmail.com
AIRFLOW_CTX_DAG_OWNER=***
AIRFLOW_CTX_DAG_ID=second_dag
AIRFLOW_CTX_TASK_ID=start
AIRFLOW_CTX_EXECUTION_DATE=2023-05-04T20:22:18.859048+00:00
AIRFLOW_CTX_DAG_RUN_ID=manual__2023-05-04T20:22:18.859048+00:00
[2023-05-04 16:22:20,302] {subprocess.py:62} INFO - Tmp dir root location: 
 /var/folders/rp/vf98jkc14mq7zj6z773nwdy80000gn/T
[2023-05-04 16:22:20,303] {subprocess.py:74} INFO - Running command: ['bash', '-c', 'date']
[2023-05-04 16:22:20,311] {subprocess.py:85} INFO - Output:
[2023-05-04 16:22:20,323] {subprocess.py:89} INFO - Thu  4 May 2023 16:22:20 EDT
[2023-05-04 16:22:20,323] {subprocess.py:93} INFO - Command exited with return code 0
[2023-05-04 16:22:20,349] {taskinstance.py:1267} INFO - Marking task as SUCCESS. dag_id=second_dag, task_id=start, execution_date=20230504T202218, start_date=20230504T202220, end_date=20230504T202220
[2023-05-04 16:22:20,364] {local_task_job.py:154} INFO - Task exited with return code 0
[2023-05-04 16:22:20,402] {local_task_job.py:264} INFO - 2 downstream tasks scheduled from follow-on schedule check

