1.0.0.0.0.0.0.0.0.0.0.0.0.0.0.0.0.0.0.0.0.0.0.0.0.0.0.0.0.0.0.0.ip6.arpa
*** Reading local file: /Users/rahulchalla/airflow/logs/second_dag/read_data_process/2023-05-04T20:22:18.859048+00:00/1.log
[2023-05-04 16:22:21,982] {taskinstance.py:1032} INFO - Dependencies all met for <TaskInstance: second_dag.read_data_process manual__2023-05-04T20:22:18.859048+00:00 [queued]>
[2023-05-04 16:22:21,988] {taskinstance.py:1032} INFO - Dependencies all met for <TaskInstance: second_dag.read_data_process manual__2023-05-04T20:22:18.859048+00:00 [queued]>
[2023-05-04 16:22:21,988] {taskinstance.py:1238} INFO - 
--------------------------------------------------------------------------------
[2023-05-04 16:22:21,989] {taskinstance.py:1239} INFO - Starting attempt 1 of 2
[2023-05-04 16:22:21,989] {taskinstance.py:1240} INFO - 
--------------------------------------------------------------------------------
[2023-05-04 16:22:21,994] {taskinstance.py:1259} INFO - Executing <Task(PythonOperator): read_data_process> on 2023-05-04 20:22:18.859048+00:00
[2023-05-04 16:22:21,997] {standard_task_runner.py:52} INFO - Started process 11698 to run task
[2023-05-04 16:22:22,000] {standard_task_runner.py:76} INFO - Running: ['***', 'tasks', 'run', 'second_dag', 'read_data_process', 'manual__2023-05-04T20:22:18.859048+00:00', '--job-id', '53', '--raw', '--subdir', 'DAGS_FOLDER/second_dag.py', '--cfg-path', '/var/folders/rp/vf98jkc14mq7zj6z773nwdy80000gn/T/tmpkt9fbz2m', '--error-file', '/var/folders/rp/vf98jkc14mq7zj6z773nwdy80000gn/T/tmp0a2gzsnx']
[2023-05-04 16:22:22,002] {standard_task_runner.py:77} INFO - Job 53: Subtask read_data_process
[2023-05-04 16:22:22,044] {logging_mixin.py:109} INFO - Running <TaskInstance: second_dag.read_data_process manual__2023-05-04T20:22:18.859048+00:00 [running]> on host 1.0.0.0.0.0.0.0.0.0.0.0.0.0.0.0.0.0.0.0.0.0.0.0.0.0.0.0.0.0.0.0.ip6.arpa
[2023-05-04 16:22:22,084] {taskinstance.py:1424} INFO - Exporting the following env vars:
AIRFLOW_CTX_DAG_EMAIL=rahulchalla30@gmail.com
AIRFLOW_CTX_DAG_OWNER=***
AIRFLOW_CTX_DAG_ID=second_dag
AIRFLOW_CTX_TASK_ID=read_data_process
AIRFLOW_CTX_EXECUTION_DATE=2023-05-04T20:22:18.859048+00:00
AIRFLOW_CTX_DAG_RUN_ID=manual__2023-05-04T20:22:18.859048+00:00
[2023-05-04 16:23:25,340] {python.py:175} INFO - Done. Returned value was: None
[2023-05-04 16:23:25,365] {taskinstance.py:1267} INFO - Marking task as SUCCESS. dag_id=second_dag, task_id=read_data_process, execution_date=20230504T202218, start_date=20230504T202221, end_date=20230504T202325
[2023-05-04 16:23:25,426] {local_task_job.py:154} INFO - Task exited with return code 0
[2023-05-04 16:23:25,487] {local_task_job.py:264} INFO - 0 downstream tasks scheduled from follow-on schedule check

