1.0.0.0.0.0.0.0.0.0.0.0.0.0.0.0.0.0.0.0.0.0.0.0.0.0.0.0.0.0.0.0.ip6.arpa
*** Reading local file: /Users/rahulchalla/airflow/logs/second_dag/ml_model_build_and_train/2023-05-04T20:22:18.859048+00:00/1.log
[2023-05-04 16:23:50,093] {taskinstance.py:1032} INFO - Dependencies all met for <TaskInstance: second_dag.ml_model_build_and_train manual__2023-05-04T20:22:18.859048+00:00 [queued]>
[2023-05-04 16:23:50,099] {taskinstance.py:1032} INFO - Dependencies all met for <TaskInstance: second_dag.ml_model_build_and_train manual__2023-05-04T20:22:18.859048+00:00 [queued]>
[2023-05-04 16:23:50,099] {taskinstance.py:1238} INFO - 
--------------------------------------------------------------------------------
[2023-05-04 16:23:50,100] {taskinstance.py:1239} INFO - Starting attempt 1 of 2
[2023-05-04 16:23:50,100] {taskinstance.py:1240} INFO - 
--------------------------------------------------------------------------------
[2023-05-04 16:23:50,107] {taskinstance.py:1259} INFO - Executing <Task(PythonOperator): ml_model_build_and_train> on 2023-05-04 20:22:18.859048+00:00
[2023-05-04 16:23:50,110] {standard_task_runner.py:52} INFO - Started process 11838 to run task
[2023-05-04 16:23:50,113] {standard_task_runner.py:76} INFO - Running: ['***', 'tasks', 'run', 'second_dag', 'ml_model_build_and_train', 'manual__2023-05-04T20:22:18.859048+00:00', '--job-id', '54', '--raw', '--subdir', 'DAGS_FOLDER/second_dag.py', '--cfg-path', '/var/folders/rp/vf98jkc14mq7zj6z773nwdy80000gn/T/tmp8gp4ztnk', '--error-file', '/var/folders/rp/vf98jkc14mq7zj6z773nwdy80000gn/T/tmphz_ikf2n']
[2023-05-04 16:23:50,114] {standard_task_runner.py:77} INFO - Job 54: Subtask ml_model_build_and_train
[2023-05-04 16:23:50,168] {logging_mixin.py:109} INFO - Running <TaskInstance: second_dag.ml_model_build_and_train manual__2023-05-04T20:22:18.859048+00:00 [running]> on host 1.0.0.0.0.0.0.0.0.0.0.0.0.0.0.0.0.0.0.0.0.0.0.0.0.0.0.0.0.0.0.0.ip6.arpa
[2023-05-04 16:23:50,213] {taskinstance.py:1424} INFO - Exporting the following env vars:
AIRFLOW_CTX_DAG_EMAIL=rahulchalla30@gmail.com
AIRFLOW_CTX_DAG_OWNER=***
AIRFLOW_CTX_DAG_ID=second_dag
AIRFLOW_CTX_TASK_ID=ml_model_build_and_train
AIRFLOW_CTX_EXECUTION_DATE=2023-05-04T20:22:18.859048+00:00
AIRFLOW_CTX_DAG_RUN_ID=manual__2023-05-04T20:22:18.859048+00:00
[2023-05-04 16:33:30,922] {python.py:175} INFO - Done. Returned value was: None
[2023-05-04 16:33:30,988] {taskinstance.py:1267} INFO - Marking task as SUCCESS. dag_id=second_dag, task_id=ml_model_build_and_train, execution_date=20230504T202218, start_date=20230504T202350, end_date=20230504T203330
[2023-05-04 16:33:31,046] {local_task_job.py:154} INFO - Task exited with return code 0
[2023-05-04 16:33:31,122] {local_task_job.py:264} INFO - 0 downstream tasks scheduled from follow-on schedule check

